<?xml version="1.0" encoding="UTF-8"?>
<testsuite xmlns:xsi="http://www.w3.org/2001/XMLSchema-instance" xsi:noNamespaceSchemaLocation="https://maven.apache.org/surefire/maven-surefire-plugin/xsd/surefire-test-report-3.0.xsd" version="3.0" name="com.teragrep.nbs_01.servlets.ParagraphServletTest" time="0.197" tests="10" errors="0" skipped="0" failures="3">
  <properties>
[...]
</properties>
  <testcase name="httpFindParagraphFromNonexistentNotebookTest" classname="com.teragrep.nbs_01.servlets.ParagraphServletTest" time="0.019"/>
  <testcase name="httpCreateParagraphTest" classname="com.teragrep.nbs_01.servlets.ParagraphServletTest" time="0.036"/>
  <testcase name="httpFindParagraphTest" classname="com.teragrep.nbs_01.servlets.ParagraphServletTest" time="0.034">
    <failure message="Unexpected exception thrown: jakarta.json.stream.JsonParsingException: Unexpected char 60 at (line no=1, column no=1, offset=0)" type="org.opentest4j.AssertionFailedError"><![CDATA[org.opentest4j.AssertionFailedError: Unexpected exception thrown: jakarta.json.stream.JsonParsingException: Unexpected char 60 at (line no=1, column no=1, offset=0)
	at org.junit.jupiter.api.AssertionFailureBuilder.build(AssertionFailureBuilder.java:152)
	at org.junit.jupiter.api.AssertDoesNotThrow.createAssertionFailedError(AssertDoesNotThrow.java:84)
	at org.junit.jupiter.api.AssertDoesNotThrow.assertDoesNotThrow(AssertDoesNotThrow.java:75)
	at org.junit.jupiter.api.AssertDoesNotThrow.assertDoesNotThrow(AssertDoesNotThrow.java:58)
	at org.junit.jupiter.api.Assertions.assertDoesNotThrow(Assertions.java:3259)
	at com.teragrep.nbs_01.servlets.ParagraphServletTest.httpFindParagraphTest(ParagraphServletTest.java:96)
	at java.base/java.lang.reflect.Method.invoke(Method.java:580)
	at java.base/java.util.ArrayList.forEach(ArrayList.java:1596)
	at java.base/java.util.ArrayList.forEach(ArrayList.java:1596)
Caused by: jakarta.json.stream.JsonParsingException: Unexpected char 60 at (line no=1, column no=1, offset=0)
	at org.eclipse.parsson.JsonTokenizer.unexpectedChar(JsonTokenizer.java:593)
	at org.eclipse.parsson.JsonTokenizer.nextToken(JsonTokenizer.java:395)
	at org.eclipse.parsson.JsonParserImpl$NoneContext.getNextEvent(JsonParserImpl.java:443)
	at org.eclipse.parsson.JsonParserImpl.next(JsonParserImpl.java:360)
	at org.eclipse.parsson.JsonReaderImpl.readObject(JsonReaderImpl.java:84)
	at com.teragrep.nbs_01.AbstractNotebookServerTest.makeHttpGETRequest(AbstractNotebookServerTest.java:219)
	at com.teragrep.nbs_01.servlets.ParagraphServletTest.lambda$httpFindParagraphTest$0(ParagraphServletTest.java:97)
	at org.junit.jupiter.api.AssertDoesNotThrow.assertDoesNotThrow(AssertDoesNotThrow.java:71)
	... 6 more
]]></failure>
  </testcase>
  <testcase name="httpCreateParagraphInNonexistentNotebookTest" classname="com.teragrep.nbs_01.servlets.ParagraphServletTest" time="0.01"/>
  <testcase name="httpDeleteNonexistentParagraphTest" classname="com.teragrep.nbs_01.servlets.ParagraphServletTest" time="0.011"/>
  <testcase name="httpDeleteParagraphTest" classname="com.teragrep.nbs_01.servlets.ParagraphServletTest" time="0.013"/>
  <testcase name="httpUpdateParagraphTest" classname="com.teragrep.nbs_01.servlets.ParagraphServletTest" time="0.029"/>
  <testcase name="httpCopyParagraphTest" classname="com.teragrep.nbs_01.servlets.ParagraphServletTest" time="0.013">
    <failure message="Unexpected exception thrown: jakarta.json.stream.JsonParsingException: Unexpected char 60 at (line no=1, column no=1, offset=0)" type="org.opentest4j.AssertionFailedError"><![CDATA[org.opentest4j.AssertionFailedError: Unexpected exception thrown: jakarta.json.stream.JsonParsingException: Unexpected char 60 at (line no=1, column no=1, offset=0)
	at org.junit.jupiter.api.AssertionFailureBuilder.build(AssertionFailureBuilder.java:152)
	at org.junit.jupiter.api.AssertDoesNotThrow.createAssertionFailedError(AssertDoesNotThrow.java:84)
	at org.junit.jupiter.api.AssertDoesNotThrow.assertDoesNotThrow(AssertDoesNotThrow.java:75)
	at org.junit.jupiter.api.AssertDoesNotThrow.assertDoesNotThrow(AssertDoesNotThrow.java:58)
	at org.junit.jupiter.api.Assertions.assertDoesNotThrow(Assertions.java:3259)
	at com.teragrep.nbs_01.servlets.ParagraphServletTest.httpCopyParagraphTest(ParagraphServletTest.java:334)
	at java.base/java.lang.reflect.Method.invoke(Method.java:580)
	at java.base/java.util.ArrayList.forEach(ArrayList.java:1596)
	at java.base/java.util.ArrayList.forEach(ArrayList.java:1596)
Caused by: jakarta.json.stream.JsonParsingException: Unexpected char 60 at (line no=1, column no=1, offset=0)
	at org.eclipse.parsson.JsonTokenizer.unexpectedChar(JsonTokenizer.java:593)
	at org.eclipse.parsson.JsonTokenizer.nextToken(JsonTokenizer.java:395)
	at org.eclipse.parsson.JsonParserImpl$NoneContext.getNextEvent(JsonParserImpl.java:443)
	at org.eclipse.parsson.JsonParserImpl.next(JsonParserImpl.java:360)
	at org.eclipse.parsson.JsonReaderImpl.readObject(JsonReaderImpl.java:84)
	at com.teragrep.nbs_01.AbstractNotebookServerTest.makeHttpGETRequest(AbstractNotebookServerTest.java:219)
	at com.teragrep.nbs_01.servlets.ParagraphServletTest.lambda$httpCopyParagraphTest$15(ParagraphServletTest.java:335)
	at org.junit.jupiter.api.AssertDoesNotThrow.assertDoesNotThrow(AssertDoesNotThrow.java:71)
	... 6 more
]]></failure>
  </testcase>
  <testcase name="httpDeleteParagraphFromNonexistentNotebookTest" classname="com.teragrep.nbs_01.servlets.ParagraphServletTest" time="0.01"/>
  <testcase name="httpFindNonexistentParagraphTest" classname="com.teragrep.nbs_01.servlets.ParagraphServletTest" time="0.015">
    <failure message="Unexpected exception thrown: jakarta.json.stream.JsonParsingException: Unexpected char 60 at (line no=1, column no=1, offset=0)" type="org.opentest4j.AssertionFailedError"><![CDATA[org.opentest4j.AssertionFailedError: Unexpected exception thrown: jakarta.json.stream.JsonParsingException: Unexpected char 60 at (line no=1, column no=1, offset=0)
	at org.junit.jupiter.api.AssertionFailureBuilder.build(AssertionFailureBuilder.java:152)
	at org.junit.jupiter.api.AssertDoesNotThrow.createAssertionFailedError(AssertDoesNotThrow.java:84)
	at org.junit.jupiter.api.AssertDoesNotThrow.assertDoesNotThrow(AssertDoesNotThrow.java:75)
	at org.junit.jupiter.api.AssertDoesNotThrow.assertDoesNotThrow(AssertDoesNotThrow.java:58)
	at org.junit.jupiter.api.Assertions.assertDoesNotThrow(Assertions.java:3259)
	at com.teragrep.nbs_01.servlets.ParagraphServletTest.httpFindNonexistentParagraphTest(ParagraphServletTest.java:113)
	at java.base/java.lang.reflect.Method.invoke(Method.java:580)
	at java.base/java.util.ArrayList.forEach(ArrayList.java:1596)
	at java.base/java.util.ArrayList.forEach(ArrayList.java:1596)
Caused by: jakarta.json.stream.JsonParsingException: Unexpected char 60 at (line no=1, column no=1, offset=0)
	at org.eclipse.parsson.JsonTokenizer.unexpectedChar(JsonTokenizer.java:593)
	at org.eclipse.parsson.JsonTokenizer.nextToken(JsonTokenizer.java:395)
	at org.eclipse.parsson.JsonParserImpl$NoneContext.getNextEvent(JsonParserImpl.java:443)
	at org.eclipse.parsson.JsonParserImpl.next(JsonParserImpl.java:360)
	at org.eclipse.parsson.JsonReaderImpl.readObject(JsonReaderImpl.java:84)
	at com.teragrep.nbs_01.AbstractNotebookServerTest.makeHttpGETRequest(AbstractNotebookServerTest.java:219)
	at com.teragrep.nbs_01.servlets.ParagraphServletTest.lambda$httpFindNonexistentParagraphTest$1(ParagraphServletTest.java:114)
	at org.junit.jupiter.api.AssertDoesNotThrow.assertDoesNotThrow(AssertDoesNotThrow.java:71)
	... 6 more
]]></failure>
  </testcase>
</testsuite>